{
  "stats": {
    "suites": 1,
    "tests": 1,
    "passes": 1,
    "pending": 0,
    "failures": 0,
    "start": "2026-05-06T16:24:36.237Z",
    "end": "2026-05-06T16:24:42.391Z",
    "duration": 6154,
    "testsRegistered": 1,
    "passPercent": 100,
    "pendingPercent": 0,
    "other": 0,
    "hasOther": false,
    "skipped": 0,
    "hasSkipped": false
  },
  "results": [
    {
      "uuid": "4c0af1f3-1165-4cbf-8d95-a7304f3d696d",
      "title": "",
      "fullFile": "cypress\\tests\\order\\DemoBlazeOrderItem.js",
      "file": "cypress\\tests\\order\\DemoBlazeOrderItem.js",
      "beforeHooks": [],
      "afterHooks": [],
      "tests": [],
      "suites": [
        {
          "uuid": "240ddaff-74db-473a-8f7b-5eca7e76d6c2",
          "title": "Product Details Component Test",
          "fullFile": "",
          "file": "",
          "beforeHooks": [],
          "afterHooks": [],
          "tests": [
            {
              "title": "Order item as guest",
              "fullTitle": "Product Details Component Test Order item as guest",
              "timedOut": null,
              "duration": 6101,
              "state": "passed",
              "speed": "medium",
              "pass": true,
              "fail": false,
              "pending": false,
              "context": null,
              "code": "_DemoBlazeHomePageAPI.DemoBlazeHomePageAPI.getHomePageProduct().then(apiData => {\n  // get random product from homepage\n  const randomProduct = apiData[Math.floor(Math.random() * apiData.length)];\n  // get title to verify\n  const randomeProductTitle = randomProduct.title.trim().replace(\"\\n\", \"\");\n  //select any product\n  cy.contains(randomeProductTitle).click();\n  // Click on Add to Cart button\n  cy.contains('Add to cart').click();\n  // Go to cart\n  cy.get('#cartur').click();\n  // Verify Cart detail\n  // Click on Place Order\n  cy.contains('Place Order').click();\n  // Input Information of guest\n  cy.get('#name').type('Test');\n  cy.get('#country').type('Canada');\n  cy.get('#city').type('Saskatoon');\n  cy.get('#card').type('0123456789');\n  cy.get('#month').type('05');\n  cy.get('#year').type('2026');\n  // Click on Purchase\n  cy.contains('Purchase').click();\n  // Verify Confirm Order Popup\n  cy.get('.sweet-alert h2').should('contain.text', 'Thank you for your purchase!');\n  cy.get('.sweet-alert .lead').then(confirmOrderDetails => {\n    cy.wrap(confirmOrderDetails).should('contain.text', randomProduct.price);\n    cy.wrap(confirmOrderDetails).should('contain.text', 'Card Number: 0123456789');\n    cy.wrap(confirmOrderDetails).should('contain.text', 'Name: Test');\n  });\n  //cy.wait(3000); //DEBUG\n});",
              "err": {},
              "uuid": "5abd6088-470b-48ad-9dcd-b72dbe703232",
              "parentUUID": "240ddaff-74db-473a-8f7b-5eca7e76d6c2",
              "isHook": false,
              "skipped": false
            }
          ],
          "suites": [],
          "passes": [
            "5abd6088-470b-48ad-9dcd-b72dbe703232"
          ],
          "failures": [],
          "pending": [],
          "skipped": [],
          "duration": 6101,
          "root": false,
          "rootEmpty": false,
          "_timeout": 2000
        }
      ],
      "passes": [],
      "failures": [],
      "pending": [],
      "skipped": [],
      "duration": 0,
      "root": true,
      "rootEmpty": true,
      "_timeout": 2000
    }
  ],
  "meta": {
    "mocha": {
      "version": "7.2.0"
    },
    "mochawesome": {
      "options": {
        "quiet": false,
        "reportFilename": "mochawesome",
        "saveHtml": false,
        "saveJson": true,
        "consoleReporter": "spec",
        "useInlineDiffs": false,
        "code": true
      },
      "version": "7.1.4"
    },
    "marge": {
      "options": {
        "reportDir": "results",
        "overwrite": false,
        "html": false,
        "json": true
      },
      "version": "6.3.2"
    }
  }
}