{
  "stats": {
    "suites": 1,
    "tests": 1,
    "passes": 1,
    "pending": 1,
    "failures": -1,
    "start": "2026-05-06T16:24:46.303Z",
    "end": "2026-05-06T16:24:47.121Z",
    "duration": 818,
    "testsRegistered": 2,
    "passPercent": 100,
    "pendingPercent": 50,
    "other": 1,
    "hasOther": true,
    "skipped": 0,
    "hasSkipped": false
  },
  "results": [
    {
      "uuid": "9487778a-e01d-49de-8464-24a99dc89b45",
      "title": "",
      "fullFile": "cypress\\tests\\components\\HeaderTest.js",
      "file": "cypress\\tests\\components\\HeaderTest.js",
      "beforeHooks": [],
      "afterHooks": [],
      "tests": [],
      "suites": [
        {
          "uuid": "98fec3ee-6969-43f3-83c5-b3d7ac01027b",
          "title": "Header Component Test",
          "fullFile": "",
          "file": "",
          "beforeHooks": [],
          "afterHooks": [],
          "tests": [
            {
              "title": "Test for brand logo",
              "fullTitle": "Header Component Test Test for brand logo",
              "timedOut": null,
              "duration": 0,
              "state": "pending",
              "speed": null,
              "pass": false,
              "fail": false,
              "pending": true,
              "context": null,
              "code": "// Logo is visible and its text is not empty\nheaderComp.brandLogoImg().should('be.visible');\nheaderComp.brandLogo().should('contain.text', BRAND_TEXT);",
              "err": {},
              "uuid": "b3fc83c9-4832-4814-b7f3-3ef0a10d7401",
              "parentUUID": "98fec3ee-6969-43f3-83c5-b3d7ac01027b",
              "isHook": false,
              "skipped": false
            },
            {
              "title": "Test for Header Menu",
              "fullTitle": "Header Component Test Test for Header Menu",
              "timedOut": null,
              "duration": 26,
              "state": "passed",
              "speed": "fast",
              "pass": true,
              "fail": false,
              "pending": false,
              "context": null,
              "code": "// Verify header menu items in the header menu list are not empty\n// const headerComponent = new HeaderComponent();\n// headerComponent.headerMenuItemList().each(menuItem => {\n//     cy.wrap(menuItem).should('not.be.empty')\n// })\nconst expectedMenuDetail = [{\n  \"text\": \"Home (current)\",\n  \"href\": \"index.html\"\n}, {\n  \"text\": \"Contact\",\n  \"href\": \"#\"\n}, {\n  \"text\": \"About us\",\n  \"href\": \"#\"\n}, {\n  \"text\": \"Cart\",\n  \"href\": \"cart.html\"\n}, {\n  \"text\": \"Log in\",\n  \"href\": \"#\"\n}, {\n  \"text\": \"Sign up\",\n  \"href\": \"#\"\n}];\nheaderComp.getMenuDetails().then(actualMenuDetails => {\n  cy.wrap('').then(() => {\n    expect(actualMenuDetails).to.be.deep.equal(expectedMenuDetail);\n  });\n});",
              "err": {},
              "uuid": "e7660a13-0d17-4ff6-a417-eb1369b06f44",
              "parentUUID": "98fec3ee-6969-43f3-83c5-b3d7ac01027b",
              "isHook": false,
              "skipped": false
            }
          ],
          "suites": [],
          "passes": [
            "e7660a13-0d17-4ff6-a417-eb1369b06f44"
          ],
          "failures": [],
          "pending": [
            "b3fc83c9-4832-4814-b7f3-3ef0a10d7401"
          ],
          "skipped": [],
          "duration": 26,
          "root": false,
          "rootEmpty": false,
          "_timeout": 2000
        }
      ],
      "passes": [],
      "failures": [],
      "pending": [],
      "skipped": [],
      "duration": 0,
      "root": true,
      "rootEmpty": true,
      "_timeout": 2000
    }
  ],
  "meta": {
    "mocha": {
      "version": "7.2.0"
    },
    "mochawesome": {
      "options": {
        "quiet": false,
        "reportFilename": "mochawesome",
        "saveHtml": false,
        "saveJson": true,
        "consoleReporter": "spec",
        "useInlineDiffs": false,
        "code": true
      },
      "version": "7.1.4"
    },
    "marge": {
      "options": {
        "reportDir": "results",
        "overwrite": false,
        "html": false,
        "json": true
      },
      "version": "6.3.2"
    }
  }
}