{
  "stats": {
    "suites": 1,
    "tests": 2,
    "passes": 2,
    "pending": 0,
    "failures": 0,
    "start": "2026-05-06T16:24:43.948Z",
    "end": "2026-05-06T16:24:44.846Z",
    "duration": 898,
    "testsRegistered": 2,
    "passPercent": 100,
    "pendingPercent": 0,
    "other": 0,
    "hasOther": false,
    "skipped": 0,
    "hasSkipped": false
  },
  "results": [
    {
      "uuid": "d6b18422-81d1-47e1-885e-a82aa67c89e2",
      "title": "",
      "fullFile": "cypress\\tests\\components\\FooterTest.js",
      "file": "cypress\\tests\\components\\FooterTest.js",
      "beforeHooks": [],
      "afterHooks": [],
      "tests": [],
      "suites": [
        {
          "uuid": "258fc9c5-f415-48a3-beea-3ad1e1a959d7",
          "title": "Footer Component Test",
          "fullFile": "",
          "file": "",
          "beforeHooks": [],
          "afterHooks": [],
          "tests": [
            {
              "title": "Verify AboutUs Column",
              "fullTitle": "Footer Component Test Verify AboutUs Column",
              "timedOut": null,
              "duration": 652,
              "state": "passed",
              "speed": "fast",
              "pass": true,
              "fail": false,
              "pending": false,
              "context": null,
              "code": "const expectedAboutUsData = {\n  \"header\": \"About Us\",\n  \"description\": \"We believe performance needs to be validated at every stage of the software development cycle and our open source compatible, massively scalable platform makes that a reality.\"\n};\nfooterComp.getAboutUsData().then(actualAboutUsData => {\n  cy.wrap('').then(() => {\n    //cy.log(JSON.stringify(actualAboutUsData))\n    expect(actualAboutUsData).to.be.deep.equal(expectedAboutUsData);\n    //expect(actualAboutUsData.description).to.equal(expectedAboutUsData.description);\n  });\n});",
              "err": {},
              "uuid": "ddc30d81-a70f-4bcd-92ff-4d3e5e90fe84",
              "parentUUID": "258fc9c5-f415-48a3-beea-3ad1e1a959d7",
              "isHook": false,
              "skipped": false
            },
            {
              "title": "Verify ContactUs Column",
              "fullTitle": "Footer Component Test Verify ContactUs Column",
              "timedOut": null,
              "duration": 214,
              "state": "passed",
              "speed": "fast",
              "pass": true,
              "fail": false,
              "pending": false,
              "context": null,
              "code": "const expectedContactUsData = {\n  \"header\": \"Get in Touch\",\n  \"address\": \"Address: 2390 El Camino Real\",\n  \"phone\": \"+440 123456\",\n  \"email\": \"demo@blazemeter.com\"\n};\nfooterComp.getContactUsData().then(actualContactUsData => {\n  cy.wrap('').then(() => {\n    //cy.log(JSON.stringify(actualContactUsData))\n    //expect(actualContactUsData).to.be.deep.equal(expectedContactUsData);\n    expect(actualContactUsData.header).to.equal(expectedContactUsData.header);\n    expect(actualContactUsData.description).to.contains(expectedContactUsData.address);\n    expect(actualContactUsData.description).to.contains(expectedContactUsData.phone);\n    expect(actualContactUsData.description).to.contains(expectedContactUsData.email);\n  });\n});",
              "err": {},
              "uuid": "94ea443d-f508-432f-bd15-5b415ea35cbe",
              "parentUUID": "258fc9c5-f415-48a3-beea-3ad1e1a959d7",
              "isHook": false,
              "skipped": false
            }
          ],
          "suites": [],
          "passes": [
            "ddc30d81-a70f-4bcd-92ff-4d3e5e90fe84",
            "94ea443d-f508-432f-bd15-5b415ea35cbe"
          ],
          "failures": [],
          "pending": [],
          "skipped": [],
          "duration": 866,
          "root": false,
          "rootEmpty": false,
          "_timeout": 2000
        }
      ],
      "passes": [],
      "failures": [],
      "pending": [],
      "skipped": [],
      "duration": 0,
      "root": true,
      "rootEmpty": true,
      "_timeout": 2000
    }
  ],
  "meta": {
    "mocha": {
      "version": "7.2.0"
    },
    "mochawesome": {
      "options": {
        "quiet": false,
        "reportFilename": "mochawesome",
        "saveHtml": false,
        "saveJson": true,
        "consoleReporter": "spec",
        "useInlineDiffs": false,
        "code": true
      },
      "version": "7.1.4"
    },
    "marge": {
      "options": {
        "reportDir": "results",
        "overwrite": false,
        "html": false,
        "json": true
      },
      "version": "6.3.2"
    }
  }
}